11:48:28:774 [main] INFO  testCases.TC001_AccountRegistrationTest - *** Confirming successful registration ****
11:48:28:789 [main] INFO  testCases.TC001_AccountRegistrationTest - *** Determining if test Passed/Failed ****
11:48:28:790 [main] INFO  testCases.TC001_AccountRegistrationTest - ***Finished test case: TC001_AccountRegistrationTest ****
11:48:40:673 [main] INFO  testCases.TC002_LoginTest - *** Opening My Account (Login) Page ***
11:48:54:180 [main] INFO  testCases.TC001_AccountRegistrationTest - ***Starting test case: TC001_AccountRegistrationTest ****
11:48:54:653 [main] INFO  testCases.TC001_AccountRegistrationTest - *** Clicking 'My Account' link ****
11:49:00:849 [main] INFO  testCases.TC001_AccountRegistrationTest - *** Clicking 'Register' link ****
11:49:00:850 [main] INFO  testCases.TC001_AccountRegistrationTest - *** Entering User Details ****
11:49:03:445 [main] INFO  testCases.TC001_AccountRegistrationTest - *** Submitting user details ****
11:49:03:507 [main] INFO  testCases.TC001_AccountRegistrationTest - *** Confirming successful registration ****
11:49:03:508 [main] INFO  testCases.TC001_AccountRegistrationTest - *** Determining if test Passed/Failed ****
11:49:03:508 [main] INFO  testCases.TC001_AccountRegistrationTest - ***Finished test case: TC001_AccountRegistrationTest ****
11:49:15:322 [main] INFO  testCases.TC002_LoginTest - *** Opening My Account (Login) Page ***
12:10:06:862 [main] INFO  org.testng.internal.Utils - [TestNG] Running:
  C:\Automation\Workspace\SeleniumWebDriver\OpencartProject\grid-docker.xml

12:10:21:544 [main] INFO  testCases.TC001_AccountRegistrationTest - ***Starting test case: TC001_AccountRegistrationTest ****
12:10:21:791 [main] INFO  testCases.TC001_AccountRegistrationTest - *** Clicking 'My Account' link ****
12:10:23:051 [main] INFO  testCases.TC001_AccountRegistrationTest - *** Clicking 'Register' link ****
12:10:23:056 [main] INFO  testCases.TC001_AccountRegistrationTest - *** Entering User Details ****
12:10:26:107 [main] INFO  testCases.TC001_AccountRegistrationTest - *** Submitting user details ****
12:10:26:212 [main] INFO  testCases.TC001_AccountRegistrationTest - *** Confirming successful registration ****
12:10:26:216 [main] INFO  testCases.TC001_AccountRegistrationTest - *** Determining if test Passed/Failed ****
12:10:26:216 [main] INFO  testCases.TC001_AccountRegistrationTest - ***Finished test case: TC001_AccountRegistrationTest ****
12:10:34:841 [main] INFO  testCases.TC002_LoginTest - *** Opening My Account (Login) Page ***
12:10:50:614 [main] INFO  testCases.TC001_AccountRegistrationTest - ***Starting test case: TC001_AccountRegistrationTest ****
12:10:50:987 [main] INFO  testCases.TC001_AccountRegistrationTest - *** Clicking 'My Account' link ****
12:10:56:662 [main] INFO  testCases.TC001_AccountRegistrationTest - *** Clicking 'Register' link ****
12:10:56:664 [main] INFO  testCases.TC001_AccountRegistrationTest - *** Entering User Details ****
12:10:59:184 [main] INFO  testCases.TC001_AccountRegistrationTest - *** Submitting user details ****
12:10:59:261 [main] INFO  testCases.TC001_AccountRegistrationTest - *** Confirming successful registration ****
12:10:59:261 [main] INFO  testCases.TC001_AccountRegistrationTest - *** Determining if test Passed/Failed ****
12:10:59:261 [main] INFO  testCases.TC001_AccountRegistrationTest - ***Finished test case: TC001_AccountRegistrationTest ****
12:11:13:557 [main] INFO  testCases.TC002_LoginTest - *** Opening My Account (Login) Page ***
15:43:47:640 [main] INFO  org.testng.internal.Utils - [TestNG] Running:
  C:\Automation\Workspace\SeleniumWebDriver\OpencartProject\master.xml

15:45:24:692 [main] INFO  org.testng.internal.Utils - [TestNG] Running:
  C:\Automation\Workspace\SeleniumWebDriver\OpencartProject\master.xml

15:49:43:487 [main] INFO  testCases.TC001_AccountRegistrationTest - ***Starting test case: TC001_AccountRegistrationTest ****
15:49:43:838 [main] INFO  testCases.TC001_AccountRegistrationTest - *** Clicking 'My Account' link ****
15:49:44:744 [main] INFO  testCases.TC001_AccountRegistrationTest - *** Clicking 'Register' link ****
15:49:44:750 [main] INFO  testCases.TC001_AccountRegistrationTest - *** Entering User Details ****
15:49:46:458 [main] INFO  testCases.TC001_AccountRegistrationTest - *** Submitting user details ****
15:49:46:493 [main] INFO  testCases.TC001_AccountRegistrationTest - *** Confirming successful registration ****
15:49:46:493 [main] INFO  testCases.TC001_AccountRegistrationTest - *** Determining if test Passed/Failed ****
15:49:46:493 [main] INFO  testCases.TC001_AccountRegistrationTest - ***Finished test case: TC001_AccountRegistrationTest ****
15:49:56:112 [main] INFO  testCases.TC002_LoginTest - *** Opening My Account (Login) Page ***
15:54:12:124 [main] INFO  testCases.TC001_AccountRegistrationTest - ***Starting test case: TC001_AccountRegistrationTest ****
15:54:12:466 [main] INFO  testCases.TC001_AccountRegistrationTest - *** Clicking 'My Account' link ****
