14:48:49:848 [main] INFO  org.testng.internal.Utils - [Utils] MethodGroupsHelper.sortMethods() took 0 ms.
14:48:49:866 [main] INFO  org.testng.internal.Utils - [TestNG] Running:
  C:\Users\user\AppData\Local\Temp\testng-eclipse--2081949761\testng-customsuite.xml

14:48:49:893 [main] INFO  org.testng.internal.Utils - [Utils] DynamicGraphHelper.createDynamicGraph() took 7 ms.
14:48:50:170 [main] INFO  org.testng.internal.Utils - [TestNG] Time taken by org.testng.reporters.jq.Main@f001896: 110 ms
14:48:50:190 [main] INFO  org.testng.internal.Utils - [TestNG] Time taken by org.testng.reporters.FailedReporter@31aa3ca5: 20 ms
14:48:50:213 [main] INFO  org.testng.internal.Utils - [TestNG] Time taken by org.testng.reporters.XMLReporter@a202ccb: 17 ms
14:48:50:228 [main] INFO  org.testng.internal.Utils - [TestNG] Time taken by org.testng.reporters.EmailableReporter2@7516e4e5: 15 ms
14:48:50:243 [main] INFO  org.testng.internal.Utils - [TestNG] Time taken by org.testng.reporters.JUnitReportReporter@6035b93b: 15 ms
14:48:50:243 [main] INFO  org.testng.internal.Utils - [TestNG] Time taken by org.testng.internal.ExitCodeListener@320de594: 0 ms
14:49:12:680 [main] INFO  org.testng.internal.Utils - [TestNG] Running:
  C:\Automation\Workspace\SeleniumWebDriver\OpencartProject\master.xml

14:49:24:742 [main] INFO  testCases.TC001_AccountRegistrationTest - ***Starting test case: TC001_AccountRegistrationTest ****
14:49:25:125 [main] INFO  testCases.TC001_AccountRegistrationTest - *** Clicking 'My Account' link ****
14:49:26:600 [main] INFO  testCases.TC001_AccountRegistrationTest - *** Clicking 'Register' link ****
14:49:26:606 [main] INFO  testCases.TC001_AccountRegistrationTest - *** Entering User Details ****
14:49:28:663 [main] INFO  testCases.TC001_AccountRegistrationTest - *** Submitting user details ****
14:49:28:710 [main] INFO  testCases.TC001_AccountRegistrationTest - *** Confirming successful registration ****
14:49:28:713 [main] INFO  testCases.TC001_AccountRegistrationTest - *** Determining if test Passed/Failed ****
14:49:28:713 [main] INFO  testCases.TC001_AccountRegistrationTest - ***Finished test case: TC001_AccountRegistrationTest ****
15:09:36:918 [main] INFO  org.testng.internal.Utils - [TestNG] Running:
  C:\Automation\Workspace\SeleniumWebDriver\OpencartProject\master.xml

15:09:45:863 [main] INFO  testCases.TC002_LoginTest - *** Opening My Account (Login) Page ***
15:17:20:528 [main] INFO  org.testng.internal.Utils - [TestNG] Running:
  C:\Automation\Workspace\SeleniumWebDriver\OpencartProject\crossBrowserTesting.xml

15:17:28:805 [TestNG-tests-2] INFO  testCases.TC001_AccountRegistrationTest - ***Starting test case: TC001_AccountRegistrationTest ****
15:17:29:156 [TestNG-tests-2] INFO  testCases.TC001_AccountRegistrationTest - *** Clicking 'My Account' link ****
15:17:29:450 [TestNG-tests-3] INFO  testCases.TC001_AccountRegistrationTest - ***Starting test case: TC001_AccountRegistrationTest ****
15:17:29:700 [TestNG-tests-3] INFO  testCases.TC001_AccountRegistrationTest - *** Clicking 'My Account' link ****
15:17:30:491 [TestNG-tests-2] INFO  testCases.TC001_AccountRegistrationTest - *** Clicking 'Register' link ****
15:17:30:498 [TestNG-tests-2] INFO  testCases.TC001_AccountRegistrationTest - *** Entering User Details ****
15:17:30:848 [TestNG-tests-3] INFO  testCases.TC001_AccountRegistrationTest - *** Clicking 'Register' link ****
15:17:30:851 [TestNG-tests-3] INFO  testCases.TC001_AccountRegistrationTest - *** Entering User Details ****
15:17:32:951 [TestNG-tests-2] INFO  testCases.TC001_AccountRegistrationTest - *** Submitting user details ****
15:17:33:037 [TestNG-tests-2] INFO  testCases.TC001_AccountRegistrationTest - *** Confirming successful registration ****
15:17:33:041 [TestNG-tests-2] INFO  testCases.TC001_AccountRegistrationTest - *** Determining if test Passed/Failed ****
15:17:33:041 [TestNG-tests-2] INFO  testCases.TC001_AccountRegistrationTest - ***Finished test case: TC001_AccountRegistrationTest ****
15:17:33:292 [TestNG-tests-3] INFO  testCases.TC001_AccountRegistrationTest - *** Submitting user details ****
15:17:33:350 [TestNG-tests-3] INFO  testCases.TC001_AccountRegistrationTest - *** Confirming successful registration ****
15:17:33:350 [TestNG-tests-3] INFO  testCases.TC001_AccountRegistrationTest - *** Determining if test Passed/Failed ****
15:17:33:350 [TestNG-tests-3] INFO  testCases.TC001_AccountRegistrationTest - ***Finished test case: TC001_AccountRegistrationTest ****
15:17:33:586 [TestNG-tests-1] INFO  testCases.TC002_LoginTest - *** Opening My Account (Login) Page ***
15:22:23:209 [main] INFO  org.testng.internal.Utils - [TestNG] Running:
  C:\Automation\Workspace\SeleniumWebDriver\OpencartProject\crossBrowserTesting.xml

15:22:31:530 [TestNG-tests-3] INFO  testCases.TC002_LoginTest - *** Opening My Account (Login) Page ***
15:22:31:860 [TestNG-tests-2] INFO  testCases.TC002_LoginTest - *** Opening My Account (Login) Page ***
