15:54:13:524 [main] INFO  testCases.TC001_AccountRegistrationTest - *** Clicking 'Register' link ****
15:54:13:546 [main] INFO  testCases.TC001_AccountRegistrationTest - *** Entering User Details ****
15:54:15:324 [main] INFO  testCases.TC001_AccountRegistrationTest - *** Submitting user details ****
15:54:15:357 [main] INFO  testCases.TC001_AccountRegistrationTest - *** Confirming successful registration ****
15:54:15:359 [main] INFO  testCases.TC001_AccountRegistrationTest - *** Determining if test Passed/Failed ****
15:54:15:359 [main] INFO  testCases.TC001_AccountRegistrationTest - ***Finished test case: TC001_AccountRegistrationTest ****
15:54:31:826 [main] INFO  testCases.TC002_LoginTest - *** Opening My Account (Login) Page ***
16:23:12:822 [main] INFO  testCases.TC001_AccountRegistrationTest - ***Starting test case: TC001_AccountRegistrationTest ****
16:23:13:172 [main] INFO  testCases.TC001_AccountRegistrationTest - *** Clicking 'My Account' link ****
16:23:14:281 [main] INFO  testCases.TC001_AccountRegistrationTest - *** Clicking 'Register' link ****
16:23:14:282 [main] INFO  testCases.TC001_AccountRegistrationTest - *** Entering User Details ****
16:23:16:342 [main] INFO  testCases.TC001_AccountRegistrationTest - *** Submitting user details ****
16:23:16:379 [main] INFO  testCases.TC001_AccountRegistrationTest - *** Confirming successful registration ****
16:23:16:383 [main] INFO  testCases.TC001_AccountRegistrationTest - *** Determining if test Passed/Failed ****
16:23:16:383 [main] INFO  testCases.TC001_AccountRegistrationTest - ***Finished test case: TC001_AccountRegistrationTest ****
16:23:30:456 [main] INFO  testCases.TC002_LoginTest - *** Opening My Account (Login) Page ***
16:35:15:660 [main] INFO  testCases.TC001_AccountRegistrationTest - ***Starting test case: TC001_AccountRegistrationTest ****
16:35:16:001 [main] INFO  testCases.TC001_AccountRegistrationTest - *** Clicking 'My Account' link ****
16:35:16:967 [main] INFO  testCases.TC001_AccountRegistrationTest - *** Clicking 'Register' link ****
16:35:16:969 [main] INFO  testCases.TC001_AccountRegistrationTest - *** Entering User Details ****
16:35:18:619 [main] INFO  testCases.TC001_AccountRegistrationTest - *** Submitting user details ****
16:35:18:643 [main] INFO  testCases.TC001_AccountRegistrationTest - *** Confirming successful registration ****
16:35:18:644 [main] INFO  testCases.TC001_AccountRegistrationTest - *** Determining if test Passed/Failed ****
16:35:18:644 [main] INFO  testCases.TC001_AccountRegistrationTest - ***Finished test case: TC001_AccountRegistrationTest ****
16:35:27:049 [main] INFO  testCases.TC002_LoginTest - *** Opening My Account (Login) Page ***
